<?xml version="1.0" encoding="UTF-8"?>
<!-- Generated by org.testng.reporters.JUnitReportReporter -->
<testsuite hostname="LAPTOP-ET2FO7CJ" failures="0" tests="2" name="runner.RegressionTestRunner" time="10.642" errors="0" timestamp="2022-07-30T11:35:45 EDT" skipped="0">
  <testcase classname="runner.RegressionTestRunner" name="runScenario" time="6.553"/>
  <system-out>
    <![CDATA[Browser : chrome
Url : https://www.costco.com/]]>
  </system-out>
  <testcase classname="runner.RegressionTestRunner" name="runScenario" time="4.089"/>
  <system-out>
    <![CDATA[Browser : chrome
Url : https://www.costco.com/]]>
  </system-out>
</testsuite> <!-- runner.RegressionTestRunner -->
